In file included from test.cpp:3:
vigenere.h: In member function ‘std::string vigenere::crypto(const char*, const char*)’:
vigenere.h:15:48: error: passing ‘volatile std::string’ {aka ‘volatile std::__cxx11::basic_string<char>’} as ‘this’ argument discards qualifiers [-fpermissive]
   15 |                 volatile int k_len= skey.length();
      |                                     ~~~~~~~~~~~^~
In file included from /usr/include/c++/13/string:54,
                 from /usr/include/c++/13/bits/locale_classes.h:40,
                 from /usr/include/c++/13/bits/ios_base.h:41,
                 from /usr/include/c++/13/ios:44,
                 from /usr/include/c++/13/ostream:40,
                 from /usr/include/c++/13/iostream:41,
                 from test.cpp:1:
/usr/include/c++/13/bits/basic_string.h:1078:7: note:   in call to ‘std::__cxx11::basic_string<_CharT, _Traits, _Alloc>::size_type std::__cxx11::basic_string<_CharT, _Traits, _Alloc>::length() const [with _CharT = char; _Traits = std::char_traits<char>; _Alloc = std::allocator<char>; size_type = long unsigned int]’
 1078 |       length() const _GLIBCXX_NOEXCEPT
      |       ^~~~~~
vigenere.h:22:42: error: passing ‘volatile std::string’ {aka ‘volatile std::__cxx11::basic_string<char>’} as ‘this’ argument discards qualifiers [-fpermissive]
   22 |                         if(isdigit(skey[j]))
      |                                          ^
/usr/include/c++/13/bits/basic_string.h:1254:7: note:   in call to ‘std::__cxx11::basic_string<_CharT, _Traits, _Alloc>::reference std::__cxx11::basic_string<_CharT, _Traits, _Alloc>::operator[](size_type) [with _CharT = char; _Traits = std::char_traits<char>; _Alloc = std::allocator<char>; reference = char&; size_type = long unsigned int]’
 1254 |       operator[](size_type __pos)
      |       ^~~~~~~~
vigenere.h:23:73: error: passing ‘volatile std::string’ {aka ‘volatile std::__cxx11::basic_string<char>’} as ‘this’ argument discards qualifiers [-fpermissive]
   23 |                                 text[i] = circular(text[i], (int)(skey[j] - '0'));
      |                                                                         ^
/usr/include/c++/13/bits/basic_string.h:1254:7: note:   in call to ‘std::__cxx11::basic_string<_CharT, _Traits, _Alloc>::reference std::__cxx11::basic_string<_CharT, _Traits, _Alloc>::operator[](size_type) [with _CharT = char; _Traits = std::char_traits<char>; _Alloc = std::allocator<char>; reference = char&; size_type = long unsigned int]’
 1254 |       operator[](size_type __pos)
      |       ^~~~~~~~
vigenere.h:24:47: error: passing ‘volatile std::string’ {aka ‘volatile std::__cxx11::basic_string<char>’} as ‘this’ argument discards qualifiers [-fpermissive]
   24 |                         else if(isalpha(skey[j]))
      |                                               ^
/usr/include/c++/13/bits/basic_string.h:1254:7: note:   in call to ‘std::__cxx11::basic_string<_CharT, _Traits, _Alloc>::reference std::__cxx11::basic_string<_CharT, _Traits, _Alloc>::operator[](size_type) [with _CharT = char; _Traits = std::char_traits<char>; _Alloc = std::allocator<char>; reference = char&; size_type = long unsigned int]’
 1254 |       operator[](size_type __pos)
      |       ^~~~~~~~
vigenere.h:26:50: error: passing ‘volatile std::string’ {aka ‘volatile std::__cxx11::basic_string<char>’} as ‘this’ argument discards qualifiers [-fpermissive]
   26 |                                 if(isupper(skey[j]))
      |                                                  ^
/usr/include/c++/13/bits/basic_string.h:1254:7: note:   in call to ‘std::__cxx11::basic_string<_CharT, _Traits, _Alloc>::reference std::__cxx11::basic_string<_CharT, _Traits, _Alloc>::operator[](size_type) [with _CharT = char; _Traits = std::char_traits<char>; _Alloc = std::allocator<char>; reference = char&; size_type = long unsigned int]’
 1254 |       operator[](size_type __pos)
      |       ^~~~~~~~
vigenere.h:27:81: error: passing ‘volatile std::string’ {aka ‘volatile std::__cxx11::basic_string<char>’} as ‘this’ argument discards qualifiers [-fpermissive]
   27 |                                         text[i] = circular(text[i], (int)(skey[i] - 'A'));
      |                                                                                 ^
/usr/include/c++/13/bits/basic_string.h:1254:7: note:   in call to ‘std::__cxx11::basic_string<_CharT, _Traits, _Alloc>::reference std::__cxx11::basic_string<_CharT, _Traits, _Alloc>::operator[](size_type) [with _CharT = char; _Traits = std::char_traits<char>; _Alloc = std::allocator<char>; reference = char&; size_type = long unsigned int]’
 1254 |       operator[](size_type __pos)
      |       ^~~~~~~~
vigenere.h:29:80: error: passing ‘volatile std::string’ {aka ‘volatile std::__cxx11::basic_string<char>’} as ‘this’ argument discards qualifiers [-fpermissive]
   29 |                                         text[i] = cicular(text[i], (int)(skey[j] - 'a'));
      |                                                                                ^
/usr/include/c++/13/bits/basic_string.h:1254:7: note:   in call to ‘std::__cxx11::basic_string<_CharT, _Traits, _Alloc>::reference std::__cxx11::basic_string<_CharT, _Traits, _Alloc>::operator[](size_type) [with _CharT = char; _Traits = std::char_traits<char>; _Alloc = std::allocator<char>; reference = char&; size_type = long unsigned int]’
 1254 |       operator[](size_type __pos)
      |       ^~~~~~~~
vigenere.h:29:51: error: ‘cicular’ was not declared in this scope; did you mean ‘circular’?
   29 |                                         text[i] = cicular(text[i], (int)(skey[j] - 'a'));
      |                                                   ^~~~~~~
      |                                                   circular
vigenere.h:33:24: error: no match for ‘operator=’ (operand types are ‘volatile std::string’ {aka ‘volatile std::__cxx11::basic_string<char>’} and ‘const char [1]’)
   33 |                 skey = "";
      |                        ^~
/usr/include/c++/13/bits/basic_string.h:853:7: note: candidate: ‘std::__cxx11::basic_string<_CharT, _Traits, _Alloc>& std::__cxx11::basic_string<_CharT, _Traits, _Alloc>::operator=(std::__cxx11::basic_string<_CharT, _Traits, _Alloc>&&) [with _CharT = char; _Traits = std::char_traits<char>; _Alloc = std::allocator<char>]’ (near match)
  853 |       operator=(basic_string&& __str)
      |       ^~~~~~~~
/usr/include/c++/13/bits/basic_string.h:853:7: note:   passing ‘volatile std::string*’ {aka ‘volatile std::__cxx11::basic_string<char>*’} as ‘this’ argument discards qualifiers
/usr/include/c++/13/bits/basic_string.h:835:7: note: candidate: ‘std::__cxx11::basic_string<_CharT, _Traits, _Alloc>& std::__cxx11::basic_string<_CharT, _Traits, _Alloc>::operator=(_CharT) [with _CharT = char; _Traits = std::char_traits<char>; _Alloc = std::allocator<char>]’ (near match)
  835 |       operator=(_CharT __c)
      |       ^~~~~~~~
/usr/include/c++/13/bits/basic_string.h:835:7: note:   conversion of argument 1 would be ill-formed:
vigenere.h:33:24: error: invalid conversion from ‘const char*’ to ‘char’ [-fpermissive]
   33 |                 skey = "";
      |                        ^~
      |                        |
      |                        const char*
/usr/include/c++/13/bits/basic_string.h:823:7: note: candidate: ‘std::__cxx11::basic_string<_CharT, _Traits, _Alloc>& std::__cxx11::basic_string<_CharT, _Traits, _Alloc>::operator=(const _CharT*) [with _CharT = char; _Traits = std::char_traits<char>; _Alloc = std::allocator<char>]’ (near match)
  823 |       operator=(const _CharT* __s)
      |       ^~~~~~~~
/usr/include/c++/13/bits/basic_string.h:823:7: note:   passing ‘volatile std::string*’ {aka ‘volatile std::__cxx11::basic_string<char>*’} as ‘this’ argument discards qualifiers
/usr/include/c++/13/bits/basic_string.h:812:7: note: candidate: ‘std::__cxx11::basic_string<_CharT, _Traits, _Alloc>& std::__cxx11::basic_string<_CharT, _Traits, _Alloc>::operator=(const std::__cxx11::basic_string<_CharT, _Traits, _Alloc>&) [with _CharT = char; _Traits = std::char_traits<char>; _Alloc = std::allocator<char>]’ (near match)
  812 |       operator=(const basic_string& __str)
      |       ^~~~~~~~
/usr/include/c++/13/bits/basic_string.h:812:7: note:   passing ‘volatile std::string*’ {aka ‘volatile std::__cxx11::basic_string<char>*’} as ‘this’ argument discards qualifiers
/usr/include/c++/13/bits/basic_string.h:921:7: note: candidate: ‘std::__cxx11::basic_string<_CharT, _Traits, _Alloc>& std::__cxx11::basic_string<_CharT, _Traits, _Alloc>::operator=(std::initializer_list<_Tp>) [with _CharT = char; _Traits = std::char_traits<char>; _Alloc = std::allocator<char>]’
  921 |       operator=(initializer_list<_CharT> __l)
      |       ^~~~~~~~
/usr/include/c++/13/bits/basic_string.h:921:42: note:   no known conversion for argument 1 from ‘const char [1]’ to ‘std::initializer_list<char>’
  921 |       operator=(initializer_list<_CharT> __l)
      |                 ~~~~~~~~~~~~~~~~~~~~~~~~~^~~
/usr/include/c++/13/bits/basic_string.h:936:8: note: candidate: ‘template<class _Tp> std::__cxx11::basic_string<_CharT, _Traits, _Alloc>::_If_sv<_Tp, std::__cxx11::basic_string<_CharT, _Traits, _Alloc>&> std::__cxx11::basic_string<_CharT, _Traits, _Alloc>::operator=(const _Tp&) [with _CharT = char; _Traits = std::char_traits<char>; _Alloc = std::allocator<char>]’
  936 |        operator=(const _Tp& __svt)
      |        ^~~~~~~~
/usr/include/c++/13/bits/basic_string.h:936:8: note:   template argument deduction/substitution failed:
In file included from /usr/include/c++/13/bits/move.h:37,
                 from /usr/include/c++/13/bits/exception_ptr.h:41,
                 from /usr/include/c++/13/exception:164,
                 from /usr/include/c++/13/ios:41:
/usr/include/c++/13/type_traits: In substitution of ‘template<bool _Cond, class _Tp> using std::enable_if_t = typename std::enable_if::type [with bool _Cond = false; _Tp = std::__cxx11::basic_string<char>&]’:
/usr/include/c++/13/bits/basic_string.h:144:8:   required by substitution of ‘template<class _CharT, class _Traits, class _Alloc> template<class _Tp, class _Res> using std::__cxx11::basic_string<_CharT, _Traits, _Alloc>::_If_sv = std::enable_if_t<std::__and_<std::is_convertible<const _Tp&, std::basic_string_view<_CharT, _Traits> >, std::__not_<std::is_convertible<const _Tp*, const std::__cxx11::basic_string<_CharT, _Traits, _Alloc>*> >, std::__not_<std::is_convertible<const _Tp&, const _CharT*> > >::value, _Res> [with _Tp = char [1]; _Res = std::__cxx11::basic_string<char>&; _CharT = char; _Traits = std::char_traits<char>; _Alloc = std::allocator<char>]’
/usr/include/c++/13/bits/basic_string.h:936:8:   required by substitution of ‘template<class _Tp> std::__cxx11::basic_string<char>::_If_sv<_Tp, std::__cxx11::basic_string<char>&> std::__cxx11::basic_string<char>::operator=(const _Tp&) [with _Tp = char [1]]’
vigenere.h:33:10:   required from here
/usr/include/c++/13/type_traits:2610:11: error: no type named ‘type’ in ‘struct std::enable_if<false, std::__cxx11::basic_string<char>&>’
 2610 |     using enable_if_t = typename enable_if<_Cond, _Tp>::type;
      |           ^~~~~~~~~~~
